<?xml version="1.0" encoding="UTF-8"?>
<testng-results ignored="0" total="1" passed="1" failed="0" skipped="0">
  <reporter-output>
  </reporter-output>
  <suite started-at="2021-08-31T23:12:06 IST" name="Default suite" finished-at="2021-08-31T23:12:15 IST" duration-ms="9533">
    <groups>
    </groups>
    <test started-at="2021-08-31T23:12:06 IST" name="Default test" finished-at="2021-08-31T23:12:15 IST" duration-ms="9533">
      <class name="Seleniumassignment.SeleniumAssig2">
        <test-method signature="test()[pri:0, instance:Seleniumassignment.SeleniumAssig2@57af006c]" started-at="2021-08-31T23:12:06 IST" name="test" finished-at="2021-08-31T23:12:15 IST" duration-ms="9435" status="PASS">
          <reporter-output>
          </reporter-output>
        </test-method> <!-- test -->
      </class> <!-- Seleniumassignment.SeleniumAssig2 -->
    </test> <!-- Default test -->
  </suite> <!-- Default suite -->
</testng-results>
